0 info it worked if it ends with ok
1 verbose cli [ '/usr/bin/node',
1 verbose cli   '/usr/bin/npm',
1 verbose cli   'install',
1 verbose cli   'nodejs@latest',
1 verbose cli   '-g' ]
2 info using npm@3.5.2
3 info using node@v8.10.0
4 silly loadCurrentTree Starting
5 silly install loadCurrentTree
6 silly install readGlobalPackageData
7 silly fetchPackageMetaData nodejs@latest
8 silly fetchNamedPackageData nodejs
9 silly mapToRegistry name nodejs
10 silly mapToRegistry using default registry
11 silly mapToRegistry registry https://registry.npmjs.org/
12 silly mapToRegistry uri https://registry.npmjs.org/nodejs
13 verbose request uri https://registry.npmjs.org/nodejs
14 verbose request no auth needed
15 info attempt registry request try #1 at 11:18:52 PM
16 verbose request id e9d5c84a08ff11d5
17 http request GET https://registry.npmjs.org/nodejs
18 http 200 https://registry.npmjs.org/nodejs
19 verbose headers { date: 'Thu, 10 Oct 2019 17:48:54 GMT',
19 verbose headers   'content-type': 'application/json; charset=UTF-8',
19 verbose headers   'transfer-encoding': 'chunked',
19 verbose headers   connection: 'keep-alive',
19 verbose headers   'set-cookie':
19 verbose headers    [ '__cfduid=df2a9109810b7002d435c137cd25373471570729733; expires=Fri, 09-Oct-20 17:48:53 GMT; path=/; domain=.npmjs.org; HttpOnly' ],
19 verbose headers   'cf-cache-status': 'REVALIDATED',
19 verbose headers   'cache-control': 'max-age=300',
19 verbose headers   'cf-ray': '523a6d7fae32d5c8-BOM',
19 verbose headers   etag: 'W/"0ab09698bf337294c0516e1729174f6a"',
19 verbose headers   'expect-ct': 'max-age=604800, report-uri="https://report-uri.cloudflare.com/cdn-cgi/beacon/expect-ct"',
19 verbose headers   'last-modified': 'Sun, 27 May 2018 10:27:33 GMT',
19 verbose headers   vary: 'accept-encoding, accept',
19 verbose headers   server: 'cloudflare',
19 verbose headers   'content-encoding': 'gzip' }
20 silly get cb [ 200,
20 silly get   { date: 'Thu, 10 Oct 2019 17:48:54 GMT',
20 silly get     'content-type': 'application/json; charset=UTF-8',
20 silly get     'transfer-encoding': 'chunked',
20 silly get     connection: 'keep-alive',
20 silly get     'set-cookie':
20 silly get      [ '__cfduid=df2a9109810b7002d435c137cd25373471570729733; expires=Fri, 09-Oct-20 17:48:53 GMT; path=/; domain=.npmjs.org; HttpOnly' ],
20 silly get     'cf-cache-status': 'REVALIDATED',
20 silly get     'cache-control': 'max-age=300',
20 silly get     'cf-ray': '523a6d7fae32d5c8-BOM',
20 silly get     etag: 'W/"0ab09698bf337294c0516e1729174f6a"',
20 silly get     'expect-ct': 'max-age=604800, report-uri="https://report-uri.cloudflare.com/cdn-cgi/beacon/expect-ct"',
20 silly get     'last-modified': 'Sun, 27 May 2018 10:27:33 GMT',
20 silly get     vary: 'accept-encoding, accept',
20 silly get     server: 'cloudflare',
20 silly get     'content-encoding': 'gzip' } ]
21 verbose get saving nodejs to /home/animesh/.npm/registry.npmjs.org/nodejs/.cache.json
22 silly install normalizeTree
23 silly loadCurrentTree Finishing
24 silly loadIdealTree Starting
25 silly install loadIdealTree
26 silly cloneCurrentTree Starting
27 silly install cloneCurrentTreeToIdealTree
28 silly cloneCurrentTree Finishing
29 silly loadShrinkwrap Starting
30 silly install loadShrinkwrap
31 silly loadShrinkwrap Finishing
32 silly loadAllDepsIntoIdealTree Starting
33 silly install loadAllDepsIntoIdealTree
34 silly resolveWithNewModule nodejs@0.0.0 checking installable status
35 silly cache add args [ 'nodejs@latest', null ]
36 verbose cache add spec nodejs@latest
37 silly cache add parsed spec Result {
37 silly cache add   raw: 'nodejs@latest',
37 silly cache add   scope: null,
37 silly cache add   name: 'nodejs',
37 silly cache add   rawSpec: 'latest',
37 silly cache add   spec: 'latest',
37 silly cache add   type: 'tag' }
38 silly addNamed nodejs@latest
39 verbose addNamed "latest" is being treated as a dist-tag for nodejs
40 info addNameTag [ 'nodejs', 'latest' ]
41 silly mapToRegistry name nodejs
42 silly mapToRegistry using default registry
43 silly mapToRegistry registry https://registry.npmjs.org/
44 silly mapToRegistry uri https://registry.npmjs.org/nodejs
45 verbose addNameTag registry:https://registry.npmjs.org/nodejs not in flight; fetching
46 verbose get https://registry.npmjs.org/nodejs not expired, no request
47 silly addNameTag next cb for nodejs with tag latest
48 silly addNamed nodejs@0.0.0
49 verbose addNamed "0.0.0" is a plain semver version for nodejs
50 silly mapToRegistry name nodejs
51 silly mapToRegistry using default registry
52 silly mapToRegistry registry https://registry.npmjs.org/
53 silly mapToRegistry uri https://registry.npmjs.org/nodejs
54 verbose addRemoteTarball https://registry.npmjs.org/nodejs/-/nodejs-0.0.0.tgz not in flight; adding
55 verbose addRemoteTarball [ 'https://registry.npmjs.org/nodejs/-/nodejs-0.0.0.tgz',
55 verbose addRemoteTarball   '4722fa2e18ac4eb73a42ae16d01e3584a12b7531' ]
56 info retry fetch attempt 1 at 11:18:54 PM
57 info attempt registry request try #1 at 11:18:54 PM
58 http fetch GET https://registry.npmjs.org/nodejs/-/nodejs-0.0.0.tgz
59 http fetch 200 https://registry.npmjs.org/nodejs/-/nodejs-0.0.0.tgz
60 silly fetchAndShaCheck shasum 4722fa2e18ac4eb73a42ae16d01e3584a12b7531
61 verbose addTmpTarball /tmp/npm-4362-e1e4270e/registry.npmjs.org/nodejs/-/nodejs-0.0.0.tgz not in flight; adding
62 verbose addTmpTarball already have metadata; skipping unpack for nodejs@0.0.0
63 silly cache afterAdd nodejs@0.0.0
64 verbose afterAdd /home/animesh/.npm/nodejs/0.0.0/package/package.json not in flight; writing
65 verbose afterAdd /home/animesh/.npm/nodejs/0.0.0/package/package.json written
66 silly loadAllDepsIntoIdealTree Finishing
67 silly idealTree:prePrune lib
67 silly idealTree:prePrune `-- nodejs@0.0.0
68 silly loadIdealTree Finishing
69 silly currentTree lib
70 silly idealTree lib
70 silly idealTree `-- nodejs@0.0.0
71 silly generateActionsToTake Starting
72 silly install generateActionsToTake
73 warn checkPermissions Missing write access to /usr/local/lib/node_modules
74 silly rollbackFailedOptional Starting
75 silly rollbackFailedOptional Finishing
76 silly runTopLevelLifecycles Starting
77 silly runTopLevelLifecycles Finishing
78 silly install printInstalled
79 verbose stack Error: EACCES: permission denied, access '/usr/local/lib/node_modules'
80 verbose cwd /home/animesh/angular-workspace/inkup-ui
81 error Linux 4.15.0-65-generic
82 error argv "/usr/bin/node" "/usr/bin/npm" "install" "nodejs@latest" "-g"
83 error node v8.10.0
84 error npm  v3.5.2
85 error path /usr/local/lib/node_modules
86 error code EACCES
87 error errno -13
88 error syscall access
89 error Error: EACCES: permission denied, access '/usr/local/lib/node_modules'
89 error  { Error: EACCES: permission denied, access '/usr/local/lib/node_modules'
89 error   errno: -13,
89 error   code: 'EACCES',
89 error   syscall: 'access',
89 error   path: '/usr/local/lib/node_modules' }
90 error Please try running this command again as root/Administrator.
91 verbose exit [ -13, true ]
